C:\DOCUMENTS AND SETTINGS\L1\MY DOCUMENTS\VISUAL STUDIO 2010\PROJECTS\CS201ASGMT01\CS201ASGMT01\DEBUG\BINCONVERTER.OBJ
C:\Documents and Settings\L1\my documents\visual studio 2010\Projects\cs201Asgmt01\cs201Asgmt01\Debug\cl.command.1.tlog
C:\Documents and Settings\L1\my documents\visual studio 2010\Projects\cs201Asgmt01\cs201Asgmt01\Debug\CL.read.1.tlog
C:\Documents and Settings\L1\my documents\visual studio 2010\Projects\cs201Asgmt01\cs201Asgmt01\Debug\CL.write.1.tlog
C:\DOCUMENTS AND SETTINGS\L1\MY DOCUMENTS\VISUAL STUDIO 2010\PROJECTS\CS201ASGMT01\CS201ASGMT01\DEBUG\CS201ASGMT01.EXE.EMBED.MANIFEST
C:\DOCUMENTS AND SETTINGS\L1\MY DOCUMENTS\VISUAL STUDIO 2010\PROJECTS\CS201ASGMT01\CS201ASGMT01\DEBUG\CS201ASGMT01.EXE.EMBED.MANIFEST.RES
C:\DOCUMENTS AND SETTINGS\L1\MY DOCUMENTS\VISUAL STUDIO 2010\PROJECTS\CS201ASGMT01\CS201ASGMT01\DEBUG\CS201ASGMT01.EXE.INTERMEDIATE.MANIFEST
C:\Documents and Settings\L1\my documents\visual studio 2010\Projects\cs201Asgmt01\cs201Asgmt01\Debug\cs201Asgmt01_manifest.rc
C:\Documents and Settings\L1\my documents\visual studio 2010\Projects\cs201Asgmt01\cs201Asgmt01\Debug\link.2592.read.1.tlog
C:\Documents and Settings\L1\my documents\visual studio 2010\Projects\cs201Asgmt01\cs201Asgmt01\Debug\link.2592.write.1.tlog
C:\Documents and Settings\L1\my documents\visual studio 2010\Projects\cs201Asgmt01\cs201Asgmt01\Debug\link.2592-cvtres.read.1.tlog
C:\Documents and Settings\L1\my documents\visual studio 2010\Projects\cs201Asgmt01\cs201Asgmt01\Debug\link.2592-cvtres.write.1.tlog
C:\Documents and Settings\L1\my documents\visual studio 2010\Projects\cs201Asgmt01\cs201Asgmt01\Debug\link.2664.read.1.tlog
C:\Documents and Settings\L1\my documents\visual studio 2010\Projects\cs201Asgmt01\cs201Asgmt01\Debug\link.2664.write.1.tlog
C:\Documents and Settings\L1\my documents\visual studio 2010\Projects\cs201Asgmt01\cs201Asgmt01\Debug\link.2664-cvtres.read.1.tlog
C:\Documents and Settings\L1\my documents\visual studio 2010\Projects\cs201Asgmt01\cs201Asgmt01\Debug\link.2664-cvtres.write.1.tlog
C:\Documents and Settings\L1\my documents\visual studio 2010\Projects\cs201Asgmt01\cs201Asgmt01\Debug\link.3224.read.1.tlog
C:\Documents and Settings\L1\my documents\visual studio 2010\Projects\cs201Asgmt01\cs201Asgmt01\Debug\link.3224.write.1.tlog
C:\Documents and Settings\L1\my documents\visual studio 2010\Projects\cs201Asgmt01\cs201Asgmt01\Debug\link.3224-cvtres.read.1.tlog
C:\Documents and Settings\L1\my documents\visual studio 2010\Projects\cs201Asgmt01\cs201Asgmt01\Debug\link.3224-cvtres.write.1.tlog
C:\Documents and Settings\L1\my documents\visual studio 2010\Projects\cs201Asgmt01\cs201Asgmt01\Debug\link.3912.read.1.tlog
C:\Documents and Settings\L1\my documents\visual studio 2010\Projects\cs201Asgmt01\cs201Asgmt01\Debug\link.3912.write.1.tlog
C:\Documents and Settings\L1\my documents\visual studio 2010\Projects\cs201Asgmt01\cs201Asgmt01\Debug\link.3912-cvtres.read.1.tlog
C:\Documents and Settings\L1\my documents\visual studio 2010\Projects\cs201Asgmt01\cs201Asgmt01\Debug\link.3912-cvtres.write.1.tlog
C:\Documents and Settings\L1\my documents\visual studio 2010\Projects\cs201Asgmt01\cs201Asgmt01\Debug\link.command.1.tlog
C:\Documents and Settings\L1\my documents\visual studio 2010\Projects\cs201Asgmt01\cs201Asgmt01\Debug\link.read.1.tlog
C:\Documents and Settings\L1\my documents\visual studio 2010\Projects\cs201Asgmt01\cs201Asgmt01\Debug\link.write.1.tlog
C:\Documents and Settings\L1\my documents\visual studio 2010\Projects\cs201Asgmt01\cs201Asgmt01\Debug\link-cvtres.read.1.tlog
C:\Documents and Settings\L1\my documents\visual studio 2010\Projects\cs201Asgmt01\cs201Asgmt01\Debug\link-cvtres.write.1.tlog
C:\DOCUMENTS AND SETTINGS\L1\MY DOCUMENTS\VISUAL STUDIO 2010\PROJECTS\CS201ASGMT01\CS201ASGMT01\DEBUG\MAIN.OBJ
C:\Documents and Settings\L1\my documents\visual studio 2010\Projects\cs201Asgmt01\cs201Asgmt01\Debug\mt.command.1.tlog
C:\Documents and Settings\L1\my documents\visual studio 2010\Projects\cs201Asgmt01\cs201Asgmt01\Debug\mt.read.1.tlog
C:\Documents and Settings\L1\my documents\visual studio 2010\Projects\cs201Asgmt01\cs201Asgmt01\Debug\mt.write.1.tlog
C:\Documents and Settings\L1\my documents\visual studio 2010\Projects\cs201Asgmt01\cs201Asgmt01\Debug\rc.command.1.tlog
C:\Documents and Settings\L1\my documents\visual studio 2010\Projects\cs201Asgmt01\cs201Asgmt01\Debug\rc.read.1.tlog
C:\Documents and Settings\L1\my documents\visual studio 2010\Projects\cs201Asgmt01\cs201Asgmt01\Debug\rc.write.1.tlog
C:\Documents and Settings\L1\my documents\visual studio 2010\Projects\cs201Asgmt01\cs201Asgmt01\Debug\vc100.idb
C:\DOCUMENTS AND SETTINGS\L1\MY DOCUMENTS\VISUAL STUDIO 2010\PROJECTS\CS201ASGMT01\CS201ASGMT01\DEBUG\VC100.PDB
C:\DOCUMENTS AND SETTINGS\L1\MY DOCUMENTS\VISUAL STUDIO 2010\PROJECTS\CS201ASGMT01\DEBUG\CS201ASGMT01.EXE
C:\DOCUMENTS AND SETTINGS\L1\MY DOCUMENTS\VISUAL STUDIO 2010\PROJECTS\CS201ASGMT01\DEBUG\CS201ASGMT01.ILK
C:\DOCUMENTS AND SETTINGS\L1\MY DOCUMENTS\VISUAL STUDIO 2010\PROJECTS\CS201ASGMT01\DEBUG\CS201ASGMT01.PDB
